<?xml version="1.0" encoding="UTF-8"?>
<!-- Generated by org.testng.reporters.JUnitReportReporter -->
<testsuite hostname="ANANYAKOLTE" failures="0" tests="1" name="testPackage.TestActiTimeValidLogin" time="6.838" errors="0" timestamp="2022-02-28T09:02:55 IST" skipped="0">
  <testcase classname="testPackage.TestActiTimeValidLogin" name="login" time="6.838"/>
  <system-out/>
</testsuite> <!-- testPackage.TestActiTimeValidLogin -->
